<?xml version="1.0" encoding="UTF-8"?>
<!-- Generated by org.testng.reporters.JUnitReportReporter -->
<testsuite skipped="0" hostname="AMBIN03715" name="com.mapsync.tests.HomePageTest" tests="1" failures="0" timestamp="2021-03-16T00:20:00 IST" time="10.505" errors="0">
  <testcase name="registerLinkTest" time="10.505" classname="com.mapsync.tests.HomePageTest"/>
  <system-out/>
</testsuite> <!-- com.mapsync.tests.HomePageTest -->
