<?xml version="1.0" encoding="UTF-8"?>
<!-- Generated by org.testng.reporters.JUnitReportReporter -->
<testsuite skipped="0" hostname="AMBIN03715" name="com.mapsync.tests.SignInPageTest" tests="1" failures="0" timestamp="2021-03-19T13:50:29 IST" time="51.785" errors="0">
  <testcase name="loginTest" time="51.785" classname="com.mapsync.tests.SignInPageTest"/>
  <system-out/>
</testsuite> <!-- com.mapsync.tests.SignInPageTest -->
